--------------------------------------------------------------------------------
[Jan 07, 2026 5:10:16.0 PM GMT:ERROR:creative_new_tab_page_ads_util.cc(159)] Successfully saved creative new tab page ads
[Jan 07, 2026 5:10:16.0 PM GMT:ERROR:creative_new_tab_page_ads_util.cc(144)] Successfully saved creative set conversions
--------------------------------------------------------------------------------
[Jan 07, 2026 5:11:06.8 PM GMT:ERROR:creative_new_tab_page_ads_util.cc(159)] Successfully saved creative new tab page ads
[Jan 07, 2026 5:11:06.8 PM GMT:ERROR:creative_new_tab_page_ads_util.cc(144)] Successfully saved creative set conversions
--------------------------------------------------------------------------------
[Jan 07, 2026 5:19:33.9 PM GMT:ERROR:creative_new_tab_page_ads_util.cc(159)] Successfully saved creative new tab page ads
[Jan 07, 2026 5:19:33.9 PM GMT:ERROR:creative_new_tab_page_ads_util.cc(144)] Successfully saved creative set conversions
--------------------------------------------------------------------------------
[Jan 08, 2026 7:30:22.3 AM GMT:ERROR:creative_new_tab_page_ads_util.cc(159)] Successfully saved creative new tab page ads
[Jan 08, 2026 7:30:22.3 AM GMT:ERROR:creative_new_tab_page_ads_util.cc(144)] Successfully saved creative set conversions
--------------------------------------------------------------------------------
[Jan 08, 2026 7:31:58.0 AM GMT:ERROR:creative_new_tab_page_ads_util.cc(159)] Successfully saved creative new tab page ads
[Jan 08, 2026 7:31:58.0 AM GMT:ERROR:creative_new_tab_page_ads_util.cc(144)] Successfully saved creative set conversions
[Jan 08, 2026 7:31:59.6 AM GMT:ERROR:creative_new_tab_page_ads_util.cc(159)] Successfully saved creative new tab page ads
[Jan 08, 2026 7:31:59.6 AM GMT:ERROR:creative_new_tab_page_ads_util.cc(144)] Successfully saved creative set conversions
--------------------------------------------------------------------------------
[Jan 08, 2026 7:33:17.0 AM GMT:ERROR:creative_new_tab_page_ads_util.cc(159)] Successfully saved creative new tab page ads
[Jan 08, 2026 7:33:17.0 AM GMT:ERROR:creative_new_tab_page_ads_util.cc(144)] Successfully saved creative set conversions
--------------------------------------------------------------------------------
[Jan 08, 2026 7:40:46.4 AM GMT:ERROR:creative_new_tab_page_ads_util.cc(159)] Successfully saved creative new tab page ads
[Jan 08, 2026 7:40:46.4 AM GMT:ERROR:creative_new_tab_page_ads_util.cc(144)] Successfully saved creative set conversions
--------------------------------------------------------------------------------
[Jan 08, 2026 7:45:03.0 AM GMT:ERROR:creative_new_tab_page_ads_util.cc(159)] Successfully saved creative new tab page ads
[Jan 08, 2026 7:45:03.0 AM GMT:ERROR:creative_new_tab_page_ads_util.cc(144)] Successfully saved creative set conversions
--------------------------------------------------------------------------------
[Jan 08, 2026 7:49:32.4 AM GMT:ERROR:creative_new_tab_page_ads_util.cc(159)] Successfully saved creative new tab page ads
[Jan 08, 2026 7:49:32.4 AM GMT:ERROR:creative_new_tab_page_ads_util.cc(144)] Successfully saved creative set conversions
--------------------------------------------------------------------------------
[Jan 08, 2026 7:57:10.1 AM GMT:ERROR:creative_new_tab_page_ads_util.cc(159)] Successfully saved creative new tab page ads
[Jan 08, 2026 7:57:10.1 AM GMT:ERROR:creative_new_tab_page_ads_util.cc(144)] Successfully saved creative set conversions
--------------------------------------------------------------------------------
[Jan 08, 2026 8:13:16.9 AM GMT:ERROR:creative_new_tab_page_ads_util.cc(159)] Successfully saved creative new tab page ads
[Jan 08, 2026 8:13:16.9 AM GMT:ERROR:creative_new_tab_page_ads_util.cc(144)] Successfully saved creative set conversions
--------------------------------------------------------------------------------
[Jan 08, 2026 8:17:50.3 AM GMT:ERROR:creative_new_tab_page_ads_util.cc(159)] Successfully saved creative new tab page ads
[Jan 08, 2026 8:17:50.3 AM GMT:ERROR:creative_new_tab_page_ads_util.cc(144)] Successfully saved creative set conversions
--------------------------------------------------------------------------------
[Jan 08, 2026 8:20:27.2 AM GMT:ERROR:creative_new_tab_page_ads_util.cc(159)] Successfully saved creative new tab page ads
[Jan 08, 2026 8:20:27.2 AM GMT:ERROR:creative_new_tab_page_ads_util.cc(144)] Successfully saved creative set conversions
--------------------------------------------------------------------------------
[Jan 08, 2026 8:27:33.4 AM GMT:ERROR:creative_new_tab_page_ads_util.cc(159)] Successfully saved creative new tab page ads
[Jan 08, 2026 8:27:33.4 AM GMT:ERROR:creative_new_tab_page_ads_util.cc(144)] Successfully saved creative set conversions
--------------------------------------------------------------------------------
[Jan 08, 2026 8:32:52.2 AM GMT:ERROR:creative_new_tab_page_ads_util.cc(159)] Successfully saved creative new tab page ads
[Jan 08, 2026 8:32:52.2 AM GMT:ERROR:creative_new_tab_page_ads_util.cc(144)] Successfully saved creative set conversions
--------------------------------------------------------------------------------
[Jan 08, 2026 8:45:34.1 AM GMT:ERROR:creative_new_tab_page_ads_util.cc(159)] Successfully saved creative new tab page ads
[Jan 08, 2026 8:45:34.1 AM GMT:ERROR:creative_new_tab_page_ads_util.cc(144)] Successfully saved creative set conversions
--------------------------------------------------------------------------------
[Jan 08, 2026 8:48:57.6 AM GMT:ERROR:creative_new_tab_page_ads_util.cc(159)] Successfully saved creative new tab page ads
[Jan 08, 2026 8:48:57.6 AM GMT:ERROR:creative_new_tab_page_ads_util.cc(144)] Successfully saved creative set conversions
--------------------------------------------------------------------------------
[Jan 08, 2026 8:58:07.0 AM GMT:ERROR:creative_new_tab_page_ads_util.cc(159)] Successfully saved creative new tab page ads
[Jan 08, 2026 8:58:07.0 AM GMT:ERROR:creative_new_tab_page_ads_util.cc(144)] Successfully saved creative set conversions
--------------------------------------------------------------------------------
[Jan 08, 2026 9:13:21.7 AM GMT:ERROR:creative_new_tab_page_ads_util.cc(159)] Successfully saved creative new tab page ads
[Jan 08, 2026 9:13:21.7 AM GMT:ERROR:creative_new_tab_page_ads_util.cc(144)] Successfully saved creative set conversions
--------------------------------------------------------------------------------
[Jan 08, 2026 9:22:49.2 AM GMT:ERROR:creative_new_tab_page_ads_util.cc(159)] Successfully saved creative new tab page ads
[Jan 08, 2026 9:22:49.2 AM GMT:ERROR:creative_new_tab_page_ads_util.cc(144)] Successfully saved creative set conversions
--------------------------------------------------------------------------------
[Jan 08, 2026 9:27:27.7 AM GMT:ERROR:creative_new_tab_page_ads_util.cc(159)] Successfully saved creative new tab page ads
[Jan 08, 2026 9:27:27.7 AM GMT:ERROR:creative_new_tab_page_ads_util.cc(144)] Successfully saved creative set conversions
--------------------------------------------------------------------------------
[Jan 08, 2026 9:39:27.6 AM GMT:ERROR:creative_new_tab_page_ads_util.cc(159)] Successfully saved creative new tab page ads
[Jan 08, 2026 9:39:27.6 AM GMT:ERROR:creative_new_tab_page_ads_util.cc(144)] Successfully saved creative set conversions
--------------------------------------------------------------------------------
[Jan 08, 2026 9:41:21.5 AM GMT:ERROR:creative_new_tab_page_ads_util.cc(159)] Successfully saved creative new tab page ads
[Jan 08, 2026 9:41:21.5 AM GMT:ERROR:creative_new_tab_page_ads_util.cc(144)] Successfully saved creative set conversions
--------------------------------------------------------------------------------
[Jan 08, 2026 9:44:43.4 AM GMT:ERROR:creative_new_tab_page_ads_util.cc(159)] Successfully saved creative new tab page ads
[Jan 08, 2026 9:44:43.4 AM GMT:ERROR:creative_new_tab_page_ads_util.cc(144)] Successfully saved creative set conversions
--------------------------------------------------------------------------------
[Jan 08, 2026 10:20:20.4 AM GMT:ERROR:creative_new_tab_page_ads_util.cc(159)] Successfully saved creative new tab page ads
[Jan 08, 2026 10:20:20.4 AM GMT:ERROR:creative_new_tab_page_ads_util.cc(144)] Successfully saved creative set conversions
--------------------------------------------------------------------------------
[Jan 08, 2026 10:35:56.8 AM GMT:ERROR:creative_new_tab_page_ads_util.cc(159)] Successfully saved creative new tab page ads
[Jan 08, 2026 10:35:56.8 AM GMT:ERROR:creative_new_tab_page_ads_util.cc(144)] Successfully saved creative set conversions
--------------------------------------------------------------------------------
[Jan 08, 2026 10:38:52.2 AM GMT:ERROR:creative_new_tab_page_ads_util.cc(159)] Successfully saved creative new tab page ads
[Jan 08, 2026 10:38:52.2 AM GMT:ERROR:creative_new_tab_page_ads_util.cc(144)] Successfully saved creative set conversions
--------------------------------------------------------------------------------
[Jan 08, 2026 10:41:20.4 AM GMT:ERROR:creative_new_tab_page_ads_util.cc(159)] Successfully saved creative new tab page ads
[Jan 08, 2026 10:41:20.4 AM GMT:ERROR:creative_new_tab_page_ads_util.cc(144)] Successfully saved creative set conversions
--------------------------------------------------------------------------------
[Jan 08, 2026 11:02:20.8 AM GMT:ERROR:creative_new_tab_page_ads_util.cc(159)] Successfully saved creative new tab page ads
[Jan 08, 2026 11:02:20.8 AM GMT:ERROR:creative_new_tab_page_ads_util.cc(144)] Successfully saved creative set conversions
--------------------------------------------------------------------------------
[Jan 08, 2026 11:08:04.3 AM GMT:ERROR:creative_new_tab_page_ads_util.cc(159)] Successfully saved creative new tab page ads
[Jan 08, 2026 11:08:04.3 AM GMT:ERROR:creative_new_tab_page_ads_util.cc(144)] Successfully saved creative set conversions
--------------------------------------------------------------------------------
[Jan 08, 2026 11:08:25.1 AM GMT:ERROR:creative_new_tab_page_ads_util.cc(159)] Successfully saved creative new tab page ads
[Jan 08, 2026 11:08:25.1 AM GMT:ERROR:creative_new_tab_page_ads_util.cc(144)] Successfully saved creative set conversions
--------------------------------------------------------------------------------
[Jan 08, 2026 11:33:44.0 AM GMT:ERROR:creative_new_tab_page_ads_util.cc(159)] Successfully saved creative new tab page ads
[Jan 08, 2026 11:33:44.0 AM GMT:ERROR:creative_new_tab_page_ads_util.cc(144)] Successfully saved creative set conversions
--------------------------------------------------------------------------------
[Jan 08, 2026 1:37:58.9 PM GMT:ERROR:creative_new_tab_page_ads_util.cc(159)] Successfully saved creative new tab page ads
[Jan 08, 2026 1:37:58.9 PM GMT:ERROR:creative_new_tab_page_ads_util.cc(144)] Successfully saved creative set conversions
--------------------------------------------------------------------------------
[Jan 08, 2026 1:41:27.9 PM GMT:ERROR:creative_new_tab_page_ads_util.cc(159)] Successfully saved creative new tab page ads
[Jan 08, 2026 1:41:27.9 PM GMT:ERROR:creative_new_tab_page_ads_util.cc(144)] Successfully saved creative set conversions
--------------------------------------------------------------------------------
[Jan 08, 2026 3:36:32.1 PM GMT:ERROR:creative_new_tab_page_ads_util.cc(159)] Successfully saved creative new tab page ads
[Jan 08, 2026 3:36:32.1 PM GMT:ERROR:creative_new_tab_page_ads_util.cc(144)] Successfully saved creative set conversions
--------------------------------------------------------------------------------
[Jan 09, 2026 9:09:52.2 AM GMT:ERROR:creative_new_tab_page_ads_util.cc(159)] Successfully saved creative new tab page ads
[Jan 09, 2026 9:09:52.3 AM GMT:ERROR:creative_new_tab_page_ads_util.cc(144)] Successfully saved creative set conversions
--------------------------------------------------------------------------------
[Jan 09, 2026 9:09:58.5 AM GMT:ERROR:creative_new_tab_page_ads_util.cc(159)] Successfully saved creative new tab page ads
[Jan 09, 2026 9:09:58.5 AM GMT:ERROR:creative_new_tab_page_ads_util.cc(144)] Successfully saved creative set conversions
--------------------------------------------------------------------------------
[Jan 09, 2026 9:10:55.9 AM GMT:ERROR:creative_new_tab_page_ads_util.cc(159)] Successfully saved creative new tab page ads
[Jan 09, 2026 9:10:55.9 AM GMT:ERROR:creative_new_tab_page_ads_util.cc(144)] Successfully saved creative set conversions
[Jan 09, 2026 9:10:57.6 AM GMT:ERROR:creative_new_tab_page_ads_util.cc(159)] Successfully saved creative new tab page ads
[Jan 09, 2026 9:10:57.6 AM GMT:ERROR:creative_new_tab_page_ads_util.cc(144)] Successfully saved creative set conversions
--------------------------------------------------------------------------------
[Jan 09, 2026 9:12:22.1 AM GMT:ERROR:creative_new_tab_page_ads_util.cc(159)] Successfully saved creative new tab page ads
[Jan 09, 2026 9:12:22.1 AM GMT:ERROR:creative_new_tab_page_ads_util.cc(144)] Successfully saved creative set conversions
--------------------------------------------------------------------------------
[Jan 09, 2026 9:14:17.9 AM GMT:ERROR:creative_new_tab_page_ads_util.cc(159)] Successfully saved creative new tab page ads
[Jan 09, 2026 9:14:17.9 AM GMT:ERROR:creative_new_tab_page_ads_util.cc(144)] Successfully saved creative set conversions
--------------------------------------------------------------------------------
[Jan 09, 2026 9:16:09.1 AM GMT:ERROR:creative_new_tab_page_ads_util.cc(159)] Successfully saved creative new tab page ads
[Jan 09, 2026 9:16:09.1 AM GMT:ERROR:creative_new_tab_page_ads_util.cc(144)] Successfully saved creative set conversions
--------------------------------------------------------------------------------
[Jan 09, 2026 9:27:29.2 AM GMT:ERROR:creative_new_tab_page_ads_util.cc(159)] Successfully saved creative new tab page ads
[Jan 09, 2026 9:27:29.2 AM GMT:ERROR:creative_new_tab_page_ads_util.cc(144)] Successfully saved creative set conversions
--------------------------------------------------------------------------------
[Jan 09, 2026 9:40:13.7 AM GMT:ERROR:creative_new_tab_page_ads_util.cc(159)] Successfully saved creative new tab page ads
[Jan 09, 2026 9:40:13.7 AM GMT:ERROR:creative_new_tab_page_ads_util.cc(144)] Successfully saved creative set conversions
--------------------------------------------------------------------------------
[Jan 09, 2026 9:40:45.6 AM GMT:ERROR:creative_new_tab_page_ads_util.cc(159)] Successfully saved creative new tab page ads
[Jan 09, 2026 9:40:45.6 AM GMT:ERROR:creative_new_tab_page_ads_util.cc(144)] Successfully saved creative set conversions
--------------------------------------------------------------------------------
[Jan 09, 2026 9:43:04.4 AM GMT:ERROR:creative_new_tab_page_ads_util.cc(159)] Successfully saved creative new tab page ads
[Jan 09, 2026 9:43:04.4 AM GMT:ERROR:creative_new_tab_page_ads_util.cc(144)] Successfully saved creative set conversions
--------------------------------------------------------------------------------
[Jan 09, 2026 9:43:49.3 AM GMT:ERROR:creative_new_tab_page_ads_util.cc(159)] Successfully saved creative new tab page ads
[Jan 09, 2026 9:43:49.3 AM GMT:ERROR:creative_new_tab_page_ads_util.cc(144)] Successfully saved creative set conversions
--------------------------------------------------------------------------------
[Jan 09, 2026 9:49:52.0 AM GMT:ERROR:creative_new_tab_page_ads_util.cc(159)] Successfully saved creative new tab page ads
[Jan 09, 2026 9:49:52.0 AM GMT:ERROR:creative_new_tab_page_ads_util.cc(144)] Successfully saved creative set conversions
--------------------------------------------------------------------------------
[Jan 09, 2026 9:52:25.3 AM GMT:ERROR:creative_new_tab_page_ads_util.cc(159)] Successfully saved creative new tab page ads
[Jan 09, 2026 9:52:25.3 AM GMT:ERROR:creative_new_tab_page_ads_util.cc(144)] Successfully saved creative set conversions
--------------------------------------------------------------------------------
[Jan 09, 2026 9:57:40.1 AM GMT:ERROR:creative_new_tab_page_ads_util.cc(159)] Successfully saved creative new tab page ads
[Jan 09, 2026 9:57:40.1 AM GMT:ERROR:creative_new_tab_page_ads_util.cc(144)] Successfully saved creative set conversions
--------------------------------------------------------------------------------
[Jan 09, 2026 10:06:00.2 AM GMT:ERROR:creative_new_tab_page_ads_util.cc(159)] Successfully saved creative new tab page ads
[Jan 09, 2026 10:06:00.2 AM GMT:ERROR:creative_new_tab_page_ads_util.cc(144)] Successfully saved creative set conversions
--------------------------------------------------------------------------------
[Jan 09, 2026 10:09:25.5 AM GMT:ERROR:creative_new_tab_page_ads_util.cc(159)] Successfully saved creative new tab page ads
[Jan 09, 2026 10:09:25.5 AM GMT:ERROR:creative_new_tab_page_ads_util.cc(144)] Successfully saved creative set conversions
--------------------------------------------------------------------------------
[Jan 09, 2026 10:24:50.3 AM GMT:ERROR:creative_new_tab_page_ads_util.cc(159)] Successfully saved creative new tab page ads
[Jan 09, 2026 10:24:50.3 AM GMT:ERROR:creative_new_tab_page_ads_util.cc(144)] Successfully saved creative set conversions
--------------------------------------------------------------------------------
[Jan 09, 2026 10:37:25.4 AM GMT:ERROR:creative_new_tab_page_ads_util.cc(159)] Successfully saved creative new tab page ads
[Jan 09, 2026 10:37:25.4 AM GMT:ERROR:creative_new_tab_page_ads_util.cc(144)] Successfully saved creative set conversions
--------------------------------------------------------------------------------
[Jan 09, 2026 10:50:43.4 AM GMT:ERROR:creative_new_tab_page_ads_util.cc(159)] Successfully saved creative new tab page ads
[Jan 09, 2026 10:50:43.4 AM GMT:ERROR:creative_new_tab_page_ads_util.cc(144)] Successfully saved creative set conversions
--------------------------------------------------------------------------------
[Jan 09, 2026 10:53:25.3 AM GMT:ERROR:creative_new_tab_page_ads_util.cc(159)] Successfully saved creative new tab page ads
[Jan 09, 2026 10:53:25.3 AM GMT:ERROR:creative_new_tab_page_ads_util.cc(144)] Successfully saved creative set conversions
--------------------------------------------------------------------------------
[Jan 09, 2026 10:57:58.3 AM GMT:ERROR:creative_new_tab_page_ads_util.cc(159)] Successfully saved creative new tab page ads
[Jan 09, 2026 10:57:58.3 AM GMT:ERROR:creative_new_tab_page_ads_util.cc(144)] Successfully saved creative set conversions
--------------------------------------------------------------------------------
[Jan 09, 2026 11:00:52.2 AM GMT:ERROR:creative_new_tab_page_ads_util.cc(159)] Successfully saved creative new tab page ads
[Jan 09, 2026 11:00:52.2 AM GMT:ERROR:creative_new_tab_page_ads_util.cc(144)] Successfully saved creative set conversions
--------------------------------------------------------------------------------
[Jan 09, 2026 11:03:53.4 AM GMT:ERROR:creative_new_tab_page_ads_util.cc(159)] Successfully saved creative new tab page ads
[Jan 09, 2026 11:03:53.4 AM GMT:ERROR:creative_new_tab_page_ads_util.cc(144)] Successfully saved creative set conversions
--------------------------------------------------------------------------------
[Jan 09, 2026 11:23:35.9 AM GMT:ERROR:creative_new_tab_page_ads_util.cc(159)] Successfully saved creative new tab page ads
[Jan 09, 2026 11:23:35.9 AM GMT:ERROR:creative_new_tab_page_ads_util.cc(144)] Successfully saved creative set conversions
--------------------------------------------------------------------------------
[Jan 09, 2026 11:25:03.5 AM GMT:ERROR:creative_new_tab_page_ads_util.cc(159)] Successfully saved creative new tab page ads
[Jan 09, 2026 11:25:03.5 AM GMT:ERROR:creative_new_tab_page_ads_util.cc(144)] Successfully saved creative set conversions
--------------------------------------------------------------------------------
[Jan 09, 2026 11:26:28.4 AM GMT:ERROR:creative_new_tab_page_ads_util.cc(159)] Successfully saved creative new tab page ads
[Jan 09, 2026 11:26:28.4 AM GMT:ERROR:creative_new_tab_page_ads_util.cc(144)] Successfully saved creative set conversions
--------------------------------------------------------------------------------
[Jan 09, 2026 11:26:44.8 AM GMT:ERROR:creative_new_tab_page_ads_util.cc(159)] Successfully saved creative new tab page ads
[Jan 09, 2026 11:26:44.8 AM GMT:ERROR:creative_new_tab_page_ads_util.cc(144)] Successfully saved creative set conversions
--------------------------------------------------------------------------------
[Jan 09, 2026 11:28:43.7 AM GMT:ERROR:creative_new_tab_page_ads_util.cc(159)] Successfully saved creative new tab page ads
[Jan 09, 2026 11:28:43.7 AM GMT:ERROR:creative_new_tab_page_ads_util.cc(144)] Successfully saved creative set conversions
--------------------------------------------------------------------------------
[Jan 09, 2026 11:29:25.3 AM GMT:ERROR:creative_new_tab_page_ads_util.cc(159)] Successfully saved creative new tab page ads
[Jan 09, 2026 11:29:25.3 AM GMT:ERROR:creative_new_tab_page_ads_util.cc(144)] Successfully saved creative set conversions
--------------------------------------------------------------------------------
[Jan 09, 2026 11:29:40.0 AM GMT:ERROR:creative_new_tab_page_ads_util.cc(159)] Successfully saved creative new tab page ads
[Jan 09, 2026 11:29:40.0 AM GMT:ERROR:creative_new_tab_page_ads_util.cc(144)] Successfully saved creative set conversions
--------------------------------------------------------------------------------
[Jan 09, 2026 11:37:08.4 AM GMT:ERROR:creative_new_tab_page_ads_util.cc(159)] Successfully saved creative new tab page ads
[Jan 09, 2026 11:37:08.4 AM GMT:ERROR:creative_new_tab_page_ads_util.cc(144)] Successfully saved creative set conversions
--------------------------------------------------------------------------------
[Jan 09, 2026 11:38:02.1 AM GMT:ERROR:creative_new_tab_page_ads_util.cc(159)] Successfully saved creative new tab page ads
[Jan 09, 2026 11:38:02.1 AM GMT:ERROR:creative_new_tab_page_ads_util.cc(144)] Successfully saved creative set conversions
--------------------------------------------------------------------------------
[Jan 09, 2026 11:44:09.8 AM GMT:ERROR:creative_new_tab_page_ads_util.cc(159)] Successfully saved creative new tab page ads
[Jan 09, 2026 11:44:09.8 AM GMT:ERROR:creative_new_tab_page_ads_util.cc(144)] Successfully saved creative set conversions
--------------------------------------------------------------------------------
[Jan 09, 2026 11:45:35.5 AM GMT:ERROR:creative_new_tab_page_ads_util.cc(159)] Successfully saved creative new tab page ads
[Jan 09, 2026 11:45:35.5 AM GMT:ERROR:creative_new_tab_page_ads_util.cc(144)] Successfully saved creative set conversions
--------------------------------------------------------------------------------
[Jan 09, 2026 11:47:05.6 AM GMT:ERROR:creative_new_tab_page_ads_util.cc(159)] Successfully saved creative new tab page ads
[Jan 09, 2026 11:47:05.6 AM GMT:ERROR:creative_new_tab_page_ads_util.cc(144)] Successfully saved creative set conversions
--------------------------------------------------------------------------------
[Jan 09, 2026 11:48:38.5 AM GMT:ERROR:creative_new_tab_page_ads_util.cc(159)] Successfully saved creative new tab page ads
[Jan 09, 2026 11:48:38.5 AM GMT:ERROR:creative_new_tab_page_ads_util.cc(144)] Successfully saved creative set conversions
--------------------------------------------------------------------------------
[Jan 09, 2026 1:47:55.3 PM GMT:ERROR:creative_new_tab_page_ads_util.cc(159)] Successfully saved creative new tab page ads
[Jan 09, 2026 1:47:55.3 PM GMT:ERROR:creative_new_tab_page_ads_util.cc(144)] Successfully saved creative set conversions
--------------------------------------------------------------------------------
[Jan 09, 2026 1:55:22.4 PM GMT:ERROR:creative_new_tab_page_ads_util.cc(159)] Successfully saved creative new tab page ads
[Jan 09, 2026 1:55:22.4 PM GMT:ERROR:creative_new_tab_page_ads_util.cc(144)] Successfully saved creative set conversions
--------------------------------------------------------------------------------
[Jan 09, 2026 1:57:04.7 PM GMT:ERROR:creative_new_tab_page_ads_util.cc(159)] Successfully saved creative new tab page ads
[Jan 09, 2026 1:57:04.7 PM GMT:ERROR:creative_new_tab_page_ads_util.cc(144)] Successfully saved creative set conversions
--------------------------------------------------------------------------------
[Jan 09, 2026 1:58:28.6 PM GMT:ERROR:creative_new_tab_page_ads_util.cc(159)] Successfully saved creative new tab page ads
[Jan 09, 2026 1:58:28.6 PM GMT:ERROR:creative_new_tab_page_ads_util.cc(144)] Successfully saved creative set conversions
--------------------------------------------------------------------------------
[Jan 09, 2026 2:00:29.6 PM GMT:ERROR:creative_new_tab_page_ads_util.cc(159)] Successfully saved creative new tab page ads
[Jan 09, 2026 2:00:29.6 PM GMT:ERROR:creative_new_tab_page_ads_util.cc(144)] Successfully saved creative set conversions
--------------------------------------------------------------------------------
[Jan 09, 2026 2:01:41.5 PM GMT:ERROR:creative_new_tab_page_ads_util.cc(159)] Successfully saved creative new tab page ads
[Jan 09, 2026 2:01:41.5 PM GMT:ERROR:creative_new_tab_page_ads_util.cc(144)] Successfully saved creative set conversions
--------------------------------------------------------------------------------
[Jan 09, 2026 2:03:44.9 PM GMT:ERROR:creative_new_tab_page_ads_util.cc(159)] Successfully saved creative new tab page ads
[Jan 09, 2026 2:03:44.9 PM GMT:ERROR:creative_new_tab_page_ads_util.cc(144)] Successfully saved creative set conversions
--------------------------------------------------------------------------------
[Jan 09, 2026 2:05:37.4 PM GMT:ERROR:creative_new_tab_page_ads_util.cc(159)] Successfully saved creative new tab page ads
[Jan 09, 2026 2:05:37.4 PM GMT:ERROR:creative_new_tab_page_ads_util.cc(144)] Successfully saved creative set conversions
--------------------------------------------------------------------------------
[Jan 09, 2026 2:08:07.7 PM GMT:ERROR:creative_new_tab_page_ads_util.cc(159)] Successfully saved creative new tab page ads
[Jan 09, 2026 2:08:07.7 PM GMT:ERROR:creative_new_tab_page_ads_util.cc(144)] Successfully saved creative set conversions
--------------------------------------------------------------------------------
[Jan 09, 2026 2:08:34.5 PM GMT:ERROR:creative_new_tab_page_ads_util.cc(159)] Successfully saved creative new tab page ads
[Jan 09, 2026 2:08:34.6 PM GMT:ERROR:creative_new_tab_page_ads_util.cc(144)] Successfully saved creative set conversions
--------------------------------------------------------------------------------
[Jan 09, 2026 2:10:04.7 PM GMT:ERROR:creative_new_tab_page_ads_util.cc(159)] Successfully saved creative new tab page ads
[Jan 09, 2026 2:10:04.7 PM GMT:ERROR:creative_new_tab_page_ads_util.cc(144)] Successfully saved creative set conversions
--------------------------------------------------------------------------------
[Jan 09, 2026 2:16:18.9 PM GMT:ERROR:creative_new_tab_page_ads_util.cc(159)] Successfully saved creative new tab page ads
[Jan 09, 2026 2:16:18.9 PM GMT:ERROR:creative_new_tab_page_ads_util.cc(144)] Successfully saved creative set conversions
--------------------------------------------------------------------------------
[Jan 09, 2026 2:18:26.0 PM GMT:ERROR:creative_new_tab_page_ads_util.cc(159)] Successfully saved creative new tab page ads
[Jan 09, 2026 2:18:26.0 PM GMT:ERROR:creative_new_tab_page_ads_util.cc(144)] Successfully saved creative set conversions
--------------------------------------------------------------------------------
[Jan 09, 2026 2:20:14.0 PM GMT:ERROR:creative_new_tab_page_ads_util.cc(159)] Successfully saved creative new tab page ads
[Jan 09, 2026 2:20:14.0 PM GMT:ERROR:creative_new_tab_page_ads_util.cc(144)] Successfully saved creative set conversions
--------------------------------------------------------------------------------
[Jan 09, 2026 2:29:17.8 PM GMT:ERROR:creative_new_tab_page_ads_util.cc(159)] Successfully saved creative new tab page ads
[Jan 09, 2026 2:29:17.8 PM GMT:ERROR:creative_new_tab_page_ads_util.cc(144)] Successfully saved creative set conversions
--------------------------------------------------------------------------------
[Jan 09, 2026 2:32:39.3 PM GMT:ERROR:creative_new_tab_page_ads_util.cc(159)] Successfully saved creative new tab page ads
[Jan 09, 2026 2:32:39.3 PM GMT:ERROR:creative_new_tab_page_ads_util.cc(144)] Successfully saved creative set conversions
--------------------------------------------------------------------------------
[Jan 09, 2026 2:45:29.2 PM GMT:ERROR:creative_new_tab_page_ads_util.cc(159)] Successfully saved creative new tab page ads
[Jan 09, 2026 2:45:29.2 PM GMT:ERROR:creative_new_tab_page_ads_util.cc(144)] Successfully saved creative set conversions
--------------------------------------------------------------------------------
[Jan 09, 2026 2:47:30.1 PM GMT:ERROR:creative_new_tab_page_ads_util.cc(159)] Successfully saved creative new tab page ads
[Jan 09, 2026 2:47:30.1 PM GMT:ERROR:creative_new_tab_page_ads_util.cc(144)] Successfully saved creative set conversions
--------------------------------------------------------------------------------
[Jan 09, 2026 2:51:54.7 PM GMT:ERROR:creative_new_tab_page_ads_util.cc(159)] Successfully saved creative new tab page ads
[Jan 09, 2026 2:51:54.7 PM GMT:ERROR:creative_new_tab_page_ads_util.cc(144)] Successfully saved creative set conversions
--------------------------------------------------------------------------------
[Jan 09, 2026 3:01:47.4 PM GMT:ERROR:creative_new_tab_page_ads_util.cc(159)] Successfully saved creative new tab page ads
[Jan 09, 2026 3:01:47.4 PM GMT:ERROR:creative_new_tab_page_ads_util.cc(144)] Successfully saved creative set conversions
--------------------------------------------------------------------------------
[Jan 09, 2026 3:02:12.3 PM GMT:ERROR:creative_new_tab_page_ads_util.cc(159)] Successfully saved creative new tab page ads
[Jan 09, 2026 3:02:12.3 PM GMT:ERROR:creative_new_tab_page_ads_util.cc(144)] Successfully saved creative set conversions
--------------------------------------------------------------------------------
[Jan 09, 2026 3:04:11.6 PM GMT:ERROR:creative_new_tab_page_ads_util.cc(159)] Successfully saved creative new tab page ads
[Jan 09, 2026 3:04:11.6 PM GMT:ERROR:creative_new_tab_page_ads_util.cc(144)] Successfully saved creative set conversions
--------------------------------------------------------------------------------
[Jan 09, 2026 3:06:26.1 PM GMT:ERROR:creative_new_tab_page_ads_util.cc(159)] Successfully saved creative new tab page ads
[Jan 09, 2026 3:06:26.1 PM GMT:ERROR:creative_new_tab_page_ads_util.cc(144)] Successfully saved creative set conversions
--------------------------------------------------------------------------------
[Jan 09, 2026 3:08:48.4 PM GMT:ERROR:creative_new_tab_page_ads_util.cc(159)] Successfully saved creative new tab page ads
[Jan 09, 2026 3:08:48.4 PM GMT:ERROR:creative_new_tab_page_ads_util.cc(144)] Successfully saved creative set conversions
--------------------------------------------------------------------------------
[Jan 09, 2026 3:14:13.1 PM GMT:ERROR:creative_new_tab_page_ads_util.cc(159)] Successfully saved creative new tab page ads
[Jan 09, 2026 3:14:13.1 PM GMT:ERROR:creative_new_tab_page_ads_util.cc(144)] Successfully saved creative set conversions
--------------------------------------------------------------------------------
[Jan 09, 2026 3:15:09.6 PM GMT:ERROR:creative_new_tab_page_ads_util.cc(159)] Successfully saved creative new tab page ads
[Jan 09, 2026 3:15:09.6 PM GMT:ERROR:creative_new_tab_page_ads_util.cc(144)] Successfully saved creative set conversions
--------------------------------------------------------------------------------
[Jan 09, 2026 3:24:23.5 PM GMT:ERROR:creative_new_tab_page_ads_util.cc(159)] Successfully saved creative new tab page ads
[Jan 09, 2026 3:24:23.5 PM GMT:ERROR:creative_new_tab_page_ads_util.cc(144)] Successfully saved creative set conversions
--------------------------------------------------------------------------------
[Jan 09, 2026 3:29:44.9 PM GMT:ERROR:creative_new_tab_page_ads_util.cc(159)] Successfully saved creative new tab page ads
[Jan 09, 2026 3:29:44.9 PM GMT:ERROR:creative_new_tab_page_ads_util.cc(144)] Successfully saved creative set conversions
--------------------------------------------------------------------------------
[Jan 15, 2026 5:18:20.2 PM GMT:ERROR:creative_new_tab_page_ads_util.cc(159)] Successfully saved creative new tab page ads
[Jan 15, 2026 5:18:20.2 PM GMT:ERROR:creative_new_tab_page_ads_util.cc(144)] Successfully saved creative set conversions
[Jan 15, 2026 5:18:22.6 PM GMT:ERROR:creative_new_tab_page_ads_util.cc(159)] Successfully saved creative new tab page ads
[Jan 15, 2026 5:18:22.6 PM GMT:ERROR:creative_new_tab_page_ads_util.cc(144)] Successfully saved creative set conversions
--------------------------------------------------------------------------------
[Jan 15, 2026 5:25:59.8 PM GMT:ERROR:creative_new_tab_page_ads_util.cc(158)] Successfully saved creative new tab page ads
[Jan 15, 2026 5:25:59.8 PM GMT:ERROR:creative_new_tab_page_ads_util.cc(143)] Successfully saved creative set conversions
--------------------------------------------------------------------------------
[Jan 15, 2026 5:36:22.5 PM GMT:ERROR:creative_new_tab_page_ads_util.cc(158)] Successfully saved creative new tab page ads
[Jan 15, 2026 5:36:22.5 PM GMT:ERROR:creative_new_tab_page_ads_util.cc(143)] Successfully saved creative set conversions
--------------------------------------------------------------------------------
[Jan 15, 2026 5:40:27.6 PM GMT:ERROR:creative_new_tab_page_ads_util.cc(158)] Successfully saved creative new tab page ads
[Jan 15, 2026 5:40:27.6 PM GMT:ERROR:creative_new_tab_page_ads_util.cc(143)] Successfully saved creative set conversions
--------------------------------------------------------------------------------
[Jan 15, 2026 5:44:24.2 PM GMT:ERROR:creative_new_tab_page_ads_util.cc(158)] Successfully saved creative new tab page ads
[Jan 15, 2026 5:44:24.2 PM GMT:ERROR:creative_new_tab_page_ads_util.cc(143)] Successfully saved creative set conversions
--------------------------------------------------------------------------------
[Jan 15, 2026 5:44:43.3 PM GMT:ERROR:creative_new_tab_page_ads_util.cc(158)] Successfully saved creative new tab page ads
[Jan 15, 2026 5:44:43.3 PM GMT:ERROR:creative_new_tab_page_ads_util.cc(143)] Successfully saved creative set conversions
--------------------------------------------------------------------------------
[Jan 15, 2026 5:46:42.8 PM GMT:ERROR:creative_new_tab_page_ads_util.cc(158)] Successfully saved creative new tab page ads
[Jan 15, 2026 5:46:42.8 PM GMT:ERROR:creative_new_tab_page_ads_util.cc(143)] Successfully saved creative set conversions
--------------------------------------------------------------------------------
[Jan 15, 2026 5:54:00.3 PM GMT:ERROR:creative_new_tab_page_ads_util.cc(158)] Successfully saved creative new tab page ads
[Jan 15, 2026 5:54:00.3 PM GMT:ERROR:creative_new_tab_page_ads_util.cc(143)] Successfully saved creative set conversions
--------------------------------------------------------------------------------
[Jan 15, 2026 6:23:51.8 PM GMT:ERROR:creative_new_tab_page_ads_util.cc(158)] Successfully saved creative new tab page ads
[Jan 15, 2026 6:23:51.8 PM GMT:ERROR:creative_new_tab_page_ads_util.cc(143)] Successfully saved creative set conversions
--------------------------------------------------------------------------------
[Jan 15, 2026 6:24:28.8 PM GMT:ERROR:creative_new_tab_page_ads_util.cc(158)] Successfully saved creative new tab page ads
[Jan 15, 2026 6:24:28.8 PM GMT:ERROR:creative_new_tab_page_ads_util.cc(143)] Successfully saved creative set conversions
--------------------------------------------------------------------------------
[Jan 15, 2026 6:25:25.0 PM GMT:ERROR:creative_new_tab_page_ads_util.cc(158)] Successfully saved creative new tab page ads
[Jan 15, 2026 6:25:25.0 PM GMT:ERROR:creative_new_tab_page_ads_util.cc(143)] Successfully saved creative set conversions
--------------------------------------------------------------------------------
[Jan 15, 2026 6:30:47.2 PM GMT:ERROR:creative_new_tab_page_ads_util.cc(158)] Successfully saved creative new tab page ads
[Jan 15, 2026 6:30:47.2 PM GMT:ERROR:creative_new_tab_page_ads_util.cc(143)] Successfully saved creative set conversions
--------------------------------------------------------------------------------
[Jan 15, 2026 6:38:58.0 PM GMT:ERROR:creative_new_tab_page_ads_util.cc(158)] Successfully saved creative new tab page ads
[Jan 15, 2026 6:38:58.0 PM GMT:ERROR:creative_new_tab_page_ads_util.cc(143)] Successfully saved creative set conversions
--------------------------------------------------------------------------------
[Jan 15, 2026 6:40:42.5 PM GMT:ERROR:creative_new_tab_page_ads_util.cc(158)] Successfully saved creative new tab page ads
[Jan 15, 2026 6:40:42.5 PM GMT:ERROR:creative_new_tab_page_ads_util.cc(143)] Successfully saved creative set conversions
--------------------------------------------------------------------------------
[Jan 15, 2026 6:54:28.8 PM GMT:ERROR:creative_new_tab_page_ads_util.cc(158)] Successfully saved creative new tab page ads
[Jan 15, 2026 6:54:28.8 PM GMT:ERROR:creative_new_tab_page_ads_util.cc(143)] Successfully saved creative set conversions
--------------------------------------------------------------------------------
[Jan 15, 2026 6:59:01.9 PM GMT:ERROR:creative_new_tab_page_ads_util.cc(158)] Successfully saved creative new tab page ads
[Jan 15, 2026 6:59:01.9 PM GMT:ERROR:creative_new_tab_page_ads_util.cc(143)] Successfully saved creative set conversions
--------------------------------------------------------------------------------
[Jan 15, 2026 7:02:06.2 PM GMT:ERROR:creative_new_tab_page_ads_util.cc(158)] Successfully saved creative new tab page ads
[Jan 15, 2026 7:02:06.2 PM GMT:ERROR:creative_new_tab_page_ads_util.cc(143)] Successfully saved creative set conversions
--------------------------------------------------------------------------------
[Jan 15, 2026 7:06:24.5 PM GMT:ERROR:creative_new_tab_page_ads_util.cc(158)] Successfully saved creative new tab page ads
[Jan 15, 2026 7:06:24.5 PM GMT:ERROR:creative_new_tab_page_ads_util.cc(143)] Successfully saved creative set conversions
--------------------------------------------------------------------------------
[Jan 15, 2026 7:09:59.3 PM GMT:ERROR:creative_new_tab_page_ads_util.cc(158)] Successfully saved creative new tab page ads
[Jan 15, 2026 7:09:59.3 PM GMT:ERROR:creative_new_tab_page_ads_util.cc(143)] Successfully saved creative set conversions
--------------------------------------------------------------------------------
[Jan 16, 2026 3:55:29.3 PM GMT:ERROR:creative_new_tab_page_ads_util.cc(158)] Successfully saved creative new tab page ads
[Jan 16, 2026 3:55:29.3 PM GMT:ERROR:creative_new_tab_page_ads_util.cc(143)] Successfully saved creative set conversions
[Jan 16, 2026 3:55:35.7 PM GMT:ERROR:creative_new_tab_page_ads_util.cc(158)] Successfully saved creative new tab page ads
[Jan 16, 2026 3:55:35.7 PM GMT:ERROR:creative_new_tab_page_ads_util.cc(143)] Successfully saved creative set conversions
--------------------------------------------------------------------------------
[Jan 16, 2026 3:57:19.8 PM GMT:ERROR:creative_new_tab_page_ads_util.cc(158)] Successfully saved creative new tab page ads
[Jan 16, 2026 3:57:19.8 PM GMT:ERROR:creative_new_tab_page_ads_util.cc(143)] Successfully saved creative set conversions
--------------------------------------------------------------------------------
[Jan 16, 2026 3:57:27.6 PM GMT:ERROR:creative_new_tab_page_ads_util.cc(158)] Successfully saved creative new tab page ads
[Jan 16, 2026 3:57:27.6 PM GMT:ERROR:creative_new_tab_page_ads_util.cc(143)] Successfully saved creative set conversions
--------------------------------------------------------------------------------
[Jan 16, 2026 4:18:00.2 PM GMT:ERROR:creative_new_tab_page_ads_util.cc(158)] Successfully saved creative new tab page ads
[Jan 16, 2026 4:18:00.2 PM GMT:ERROR:creative_new_tab_page_ads_util.cc(143)] Successfully saved creative set conversions
--------------------------------------------------------------------------------
[Jan 22, 2026 6:19:58.5 AM GMT:ERROR:creative_new_tab_page_ads_util.cc(158)] Successfully saved creative new tab page ads
[Jan 22, 2026 6:19:58.5 AM GMT:ERROR:creative_new_tab_page_ads_util.cc(143)] Successfully saved creative set conversions
[Jan 22, 2026 6:20:00.2 AM GMT:ERROR:creative_new_tab_page_ads_util.cc(158)] Successfully saved creative new tab page ads
[Jan 22, 2026 6:20:00.2 AM GMT:ERROR:creative_new_tab_page_ads_util.cc(143)] Successfully saved creative set conversions
--------------------------------------------------------------------------------
[Jan 22, 2026 6:21:59.2 AM GMT:ERROR:creative_new_tab_page_ads_util.cc(158)] Successfully saved creative new tab page ads
[Jan 22, 2026 6:21:59.2 AM GMT:ERROR:creative_new_tab_page_ads_util.cc(143)] Successfully saved creative set conversions
--------------------------------------------------------------------------------
[Jan 22, 2026 6:23:56.2 AM GMT:ERROR:creative_new_tab_page_ads_util.cc(158)] Successfully saved creative new tab page ads
[Jan 22, 2026 6:23:56.2 AM GMT:ERROR:creative_new_tab_page_ads_util.cc(143)] Successfully saved creative set conversions
--------------------------------------------------------------------------------
[Jan 22, 2026 6:25:28.5 AM GMT:ERROR:creative_new_tab_page_ads_util.cc(158)] Successfully saved creative new tab page ads
[Jan 22, 2026 6:25:28.5 AM GMT:ERROR:creative_new_tab_page_ads_util.cc(143)] Successfully saved creative set conversions
--------------------------------------------------------------------------------
[Jan 22, 2026 6:27:52.5 AM GMT:ERROR:creative_new_tab_page_ads_util.cc(158)] Successfully saved creative new tab page ads
[Jan 22, 2026 6:27:52.5 AM GMT:ERROR:creative_new_tab_page_ads_util.cc(143)] Successfully saved creative set conversions
--------------------------------------------------------------------------------
[Jan 22, 2026 6:28:59.5 AM GMT:ERROR:creative_new_tab_page_ads_util.cc(158)] Successfully saved creative new tab page ads
[Jan 22, 2026 6:28:59.5 AM GMT:ERROR:creative_new_tab_page_ads_util.cc(143)] Successfully saved creative set conversions
--------------------------------------------------------------------------------
[Jan 22, 2026 6:29:42.9 AM GMT:ERROR:creative_new_tab_page_ads_util.cc(158)] Successfully saved creative new tab page ads
[Jan 22, 2026 6:29:42.9 AM GMT:ERROR:creative_new_tab_page_ads_util.cc(143)] Successfully saved creative set conversions
--------------------------------------------------------------------------------
[Jan 22, 2026 6:30:27.9 AM GMT:ERROR:creative_new_tab_page_ads_util.cc(158)] Successfully saved creative new tab page ads
[Jan 22, 2026 6:30:27.9 AM GMT:ERROR:creative_new_tab_page_ads_util.cc(143)] Successfully saved creative set conversions
--------------------------------------------------------------------------------
[Jan 22, 2026 6:32:49.4 AM GMT:ERROR:creative_new_tab_page_ads_util.cc(158)] Successfully saved creative new tab page ads
[Jan 22, 2026 6:32:49.4 AM GMT:ERROR:creative_new_tab_page_ads_util.cc(143)] Successfully saved creative set conversions
--------------------------------------------------------------------------------
[Jan 22, 2026 6:35:01.0 AM GMT:ERROR:creative_new_tab_page_ads_util.cc(158)] Successfully saved creative new tab page ads
[Jan 22, 2026 6:35:01.0 AM GMT:ERROR:creative_new_tab_page_ads_util.cc(143)] Successfully saved creative set conversions
--------------------------------------------------------------------------------
[Jan 22, 2026 6:38:56.9 AM GMT:ERROR:creative_new_tab_page_ads_util.cc(158)] Successfully saved creative new tab page ads
[Jan 22, 2026 6:38:56.9 AM GMT:ERROR:creative_new_tab_page_ads_util.cc(143)] Successfully saved creative set conversions
--------------------------------------------------------------------------------
[Jan 22, 2026 6:55:09.0 AM GMT:ERROR:creative_new_tab_page_ads_util.cc(158)] Successfully saved creative new tab page ads
[Jan 22, 2026 6:55:09.0 AM GMT:ERROR:creative_new_tab_page_ads_util.cc(143)] Successfully saved creative set conversions
--------------------------------------------------------------------------------
[Jan 22, 2026 7:02:33.5 AM GMT:ERROR:creative_new_tab_page_ads_util.cc(158)] Successfully saved creative new tab page ads
[Jan 22, 2026 7:02:33.5 AM GMT:ERROR:creative_new_tab_page_ads_util.cc(143)] Successfully saved creative set conversions
--------------------------------------------------------------------------------
[Jan 22, 2026 7:05:17.1 AM GMT:ERROR:creative_new_tab_page_ads_util.cc(158)] Successfully saved creative new tab page ads
[Jan 22, 2026 7:05:17.1 AM GMT:ERROR:creative_new_tab_page_ads_util.cc(143)] Successfully saved creative set conversions
--------------------------------------------------------------------------------
[Jan 22, 2026 7:10:18.4 AM GMT:ERROR:creative_new_tab_page_ads_util.cc(158)] Successfully saved creative new tab page ads
[Jan 22, 2026 7:10:18.4 AM GMT:ERROR:creative_new_tab_page_ads_util.cc(143)] Successfully saved creative set conversions
--------------------------------------------------------------------------------
[Jan 22, 2026 8:17:45.8 AM GMT:ERROR:creative_new_tab_page_ads_util.cc(158)] Successfully saved creative new tab page ads
[Jan 22, 2026 8:17:45.8 AM GMT:ERROR:creative_new_tab_page_ads_util.cc(143)] Successfully saved creative set conversions
--------------------------------------------------------------------------------
[Jan 22, 2026 8:18:14.5 AM GMT:ERROR:creative_new_tab_page_ads_util.cc(158)] Successfully saved creative new tab page ads
[Jan 22, 2026 8:18:14.5 AM GMT:ERROR:creative_new_tab_page_ads_util.cc(143)] Successfully saved creative set conversions
--------------------------------------------------------------------------------
[Jan 22, 2026 8:25:11.3 AM GMT:ERROR:creative_new_tab_page_ads_util.cc(158)] Successfully saved creative new tab page ads
[Jan 22, 2026 8:25:11.3 AM GMT:ERROR:creative_new_tab_page_ads_util.cc(143)] Successfully saved creative set conversions
--------------------------------------------------------------------------------
[Jan 22, 2026 8:28:14.6 AM GMT:ERROR:creative_new_tab_page_ads_util.cc(158)] Successfully saved creative new tab page ads
[Jan 22, 2026 8:28:14.6 AM GMT:ERROR:creative_new_tab_page_ads_util.cc(143)] Successfully saved creative set conversions
--------------------------------------------------------------------------------
[Jan 22, 2026 9:02:20.2 AM GMT:ERROR:creative_new_tab_page_ads_util.cc(158)] Successfully saved creative new tab page ads
[Jan 22, 2026 9:02:20.2 AM GMT:ERROR:creative_new_tab_page_ads_util.cc(143)] Successfully saved creative set conversions
--------------------------------------------------------------------------------
[Jan 22, 2026 9:08:04.0 AM GMT:ERROR:creative_new_tab_page_ads_util.cc(158)] Successfully saved creative new tab page ads
[Jan 22, 2026 9:08:04.0 AM GMT:ERROR:creative_new_tab_page_ads_util.cc(143)] Successfully saved creative set conversions
--------------------------------------------------------------------------------
[Jan 22, 2026 9:09:29.9 AM GMT:ERROR:creative_new_tab_page_ads_util.cc(158)] Successfully saved creative new tab page ads
[Jan 22, 2026 9:09:29.9 AM GMT:ERROR:creative_new_tab_page_ads_util.cc(143)] Successfully saved creative set conversions
--------------------------------------------------------------------------------
[Feb 01, 2026 8:12:15.0 AM GMT:ERROR:creative_new_tab_page_ads_util.cc(158)] Successfully saved creative new tab page ads
[Feb 01, 2026 8:12:15.0 AM GMT:ERROR:creative_new_tab_page_ads_util.cc(143)] Successfully saved creative set conversions
[Feb 01, 2026 8:12:16.1 AM GMT:ERROR:creative_new_tab_page_ads_util.cc(158)] Successfully saved creative new tab page ads
[Feb 01, 2026 8:12:16.1 AM GMT:ERROR:creative_new_tab_page_ads_util.cc(143)] Successfully saved creative set conversions
--------------------------------------------------------------------------------
[Feb 01, 2026 8:14:19.3 AM GMT:ERROR:creative_new_tab_page_ads_util.cc(158)] Successfully saved creative new tab page ads
[Feb 01, 2026 8:14:19.3 AM GMT:ERROR:creative_new_tab_page_ads_util.cc(143)] Successfully saved creative set conversions
--------------------------------------------------------------------------------
[Feb 01, 2026 8:46:50.6 AM GMT:ERROR:creative_new_tab_page_ads_util.cc(158)] Successfully saved creative new tab page ads
[Feb 01, 2026 8:46:50.6 AM GMT:ERROR:creative_new_tab_page_ads_util.cc(143)] Successfully saved creative set conversions
--------------------------------------------------------------------------------
[Feb 01, 2026 8:49:46.6 AM GMT:ERROR:creative_new_tab_page_ads_util.cc(158)] Successfully saved creative new tab page ads
[Feb 01, 2026 8:49:46.6 AM GMT:ERROR:creative_new_tab_page_ads_util.cc(143)] Successfully saved creative set conversions
--------------------------------------------------------------------------------
[Feb 01, 2026 9:05:01.0 AM GMT:ERROR:creative_new_tab_page_ads_util.cc(158)] Successfully saved creative new tab page ads
[Feb 01, 2026 9:05:01.1 AM GMT:ERROR:creative_new_tab_page_ads_util.cc(143)] Successfully saved creative set conversions
--------------------------------------------------------------------------------
[Feb 01, 2026 9:11:51.5 AM GMT:ERROR:creative_new_tab_page_ads_util.cc(158)] Successfully saved creative new tab page ads
[Feb 01, 2026 9:11:51.5 AM GMT:ERROR:creative_new_tab_page_ads_util.cc(143)] Successfully saved creative set conversions
